Flow report for apple_2e
Fri May 03 23:20:04 2019
Quartus Prime Version 18.0.0 Build 614 04/24/2018 SJ Lite Edition


---------------------
; Table of Contents ;
---------------------
  1. Legal Notice
  2. Flow Summary
  3. Flow Settings
  4. Flow Non-Default Global Settings
  5. Flow Elapsed Time
  6. Flow OS Summary
  7. Flow Log
  8. Flow Messages
  9. Flow Suppressed Messages



----------------
; Legal Notice ;
----------------
Copyright (C) 2018  Intel Corporation. All rights reserved.
Your use of Intel Corporation's design tools, logic functions 
and other software and tools, and its AMPP partner logic 
functions, and any output files from any of the foregoing 
(including device programming or simulation files), and any 
associated documentation or information are expressly subject 
to the terms and conditions of the Intel Program License 
Subscription Agreement, the Intel Quartus Prime License Agreement,
the Intel FPGA IP License Agreement, or other applicable license
agreement, including, without limitation, that your use is for
the sole purpose of programming logic devices manufactured by
Intel and sold by Intel or its authorized distributors.  Please
refer to the applicable agreement for further details.



+----------------------------------------------------------------------------------+
; Flow Summary                                                                     ;
+------------------------------------+---------------------------------------------+
; Flow Status                        ; Successful - Fri May 03 23:20:04 2019       ;
; Quartus Prime Version              ; 18.0.0 Build 614 04/24/2018 SJ Lite Edition ;
; Revision Name                      ; apple_2e                                    ;
; Top-level Entity Name              ; apple_2e                                    ;
; Family                             ; Cyclone IV E                                ;
; Device                             ; EP4CE115F29C7                               ;
; Timing Models                      ; Final                                       ;
; Total logic elements               ; 958 / 114,480 ( < 1 % )                     ;
;     Total combinational functions  ; 944 / 114,480 ( < 1 % )                     ;
;     Dedicated logic registers      ; 242 / 114,480 ( < 1 % )                     ;
; Total registers                    ; 242                                         ;
; Total pins                         ; 92 / 529 ( 17 % )                           ;
; Total virtual pins                 ; 0                                           ;
; Total memory bits                  ; 657,920 / 3,981,312 ( 17 % )                ;
; Embedded Multiplier 9-bit elements ; 0 / 532 ( 0 % )                             ;
; Total PLLs                         ; 0 / 4 ( 0 % )                               ;
+------------------------------------+---------------------------------------------+


+-----------------------------------------+
; Flow Settings                           ;
+-------------------+---------------------+
; Option            ; Setting             ;
+-------------------+---------------------+
; Start date & time ; 05/03/2019 23:19:04 ;
; Main task         ; Compilation         ;
; Revision Name     ; apple_2e            ;
+-------------------+---------------------+


+-------------------------------------------------------------------------------------------------------------------------------------------------+
; Flow Non-Default Global Settings                                                                                                                ;
+--------------------------------------+-------------------------------------------------------+---------------+-------------+--------------------+
; Assignment Name                      ; Value                                                 ; Default Value ; Entity Name ; Section Id         ;
+--------------------------------------+-------------------------------------------------------+---------------+-------------+--------------------+
; COMPILER_SIGNATURE_ID                ; 70975893023194.155694354418780                        ; --            ; --          ; --                 ;
; EDA_DESIGN_INSTANCE_NAME             ; NA                                                    ; --            ; --          ; apple_2e_testbench ;
; EDA_DESIGN_INSTANCE_NAME             ; NA                                                    ; --            ; --          ; clock_testbench    ;
; EDA_NATIVELINK_GENERATE_SCRIPT_ONLY  ; Off                                                   ; --            ; --          ; eda_simulation     ;
; EDA_NATIVELINK_SIMULATION_TEST_BENCH ; apple_2e_testbench                                    ; --            ; --          ; eda_simulation     ;
; EDA_OUTPUT_DATA_FORMAT               ; Systemverilog Hdl                                     ; --            ; --          ; eda_simulation     ;
; EDA_SIMULATION_TOOL                  ; ModelSim-Altera (SystemVerilog)                       ; <None>        ; --          ; --                 ;
; EDA_TEST_BENCH_ENABLE_STATUS         ; TEST_BENCH_MODE                                       ; --            ; --          ; eda_simulation     ;
; EDA_TEST_BENCH_FILE                  ; apple_2e_testbench.sv                                 ; --            ; --          ; apple_2e_testbench ;
; EDA_TEST_BENCH_FILE                  ; clock_testbench.sv                                    ; --            ; --          ; clock_testbench    ;
; EDA_TEST_BENCH_MODULE_NAME           ; apple_2e_testbench                                    ; --            ; --          ; apple_2e_testbench ;
; EDA_TEST_BENCH_MODULE_NAME           ; clock_testbench                                       ; --            ; --          ; clock_testbench    ;
; EDA_TEST_BENCH_NAME                  ; clock_testbench                                       ; --            ; --          ; eda_simulation     ;
; EDA_TEST_BENCH_NAME                  ; apple_2e_testbench                                    ; --            ; --          ; eda_simulation     ;
; EDA_TEST_BENCH_RUN_SIM_FOR           ; 10000 ns                                              ; --            ; --          ; apple_2e_testbench ;
; EDA_TEST_BENCH_RUN_SIM_FOR           ; 1000 ns                                               ; --            ; --          ; clock_testbench    ;
; EDA_TIME_SCALE                       ; 1 ps                                                  ; --            ; --          ; eda_simulation     ;
; MAX_CORE_JUNCTION_TEMP               ; 85                                                    ; --            ; --          ; --                 ;
; MIN_CORE_JUNCTION_TEMP               ; 0                                                     ; --            ; --          ; --                 ;
; MISC_FILE                            ; pls/synthesis/../pls.cmp                              ; --            ; --          ; --                 ;
; MISC_FILE                            ; pls/synthesis/../../pls.qsys                          ; --            ; --          ; --                 ;
; MISC_FILE                            ; CLK28MPLL.cmp                                         ; --            ; --          ; --                 ;
; MISC_FILE                            ; CLK28MPLL.ppf                                         ; --            ; --          ; --                 ;
; MISC_FILE                            ; clock14Mhz_pll_bb.v                                   ; --            ; --          ; --                 ;
; MISC_FILE                            ; clock14Mhz_pll.ppf                                    ; --            ; --          ; --                 ;
; NOMINAL_CORE_SUPPLY_VOLTAGE          ; 1.2V                                                  ; --            ; --          ; --                 ;
; PARTITION_COLOR                      ; -- (Not supported for targeted family)                ; --            ; --          ; Top                ;
; PARTITION_FITTER_PRESERVATION_LEVEL  ; -- (Not supported for targeted family)                ; --            ; --          ; Top                ;
; PARTITION_NETLIST_TYPE               ; -- (Not supported for targeted family)                ; --            ; --          ; Top                ;
; POWER_BOARD_THERMAL_MODEL            ; None (CONSERVATIVE)                                   ; --            ; --          ; --                 ;
; POWER_PRESET_COOLING_SOLUTION        ; 23 MM HEAT SINK WITH 200 LFPM AIRFLOW                 ; --            ; --          ; --                 ;
; PROJECT_OUTPUT_DIRECTORY             ; output_files                                          ; --            ; --          ; --                 ;
; SLD_FILE                             ; pls/synthesis/pls.regmap                              ; --            ; --          ; --                 ;
; SLD_FILE                             ; pls/synthesis/pls.debuginfo                           ; --            ; --          ; --                 ;
; SLD_INFO                             ; QSYS_NAME pls HAS_SOPCINFO 1 GENERATION_ID 1556463430 ; --            ; pls         ; --                 ;
; SOPCINFO_FILE                        ; pls/synthesis/../../pls.sopcinfo                      ; --            ; --          ; --                 ;
; SYNTHESIS_ONLY_QIP                   ; On                                                    ; --            ; --          ; --                 ;
+--------------------------------------+-------------------------------------------------------+---------------+-------------+--------------------+


+--------------------------------------------------------------------------------------------------------------------------+
; Flow Elapsed Time                                                                                                        ;
+----------------------+--------------+-------------------------+---------------------+------------------------------------+
; Module Name          ; Elapsed Time ; Average Processors Used ; Peak Virtual Memory ; Total CPU Time (on all processors) ;
+----------------------+--------------+-------------------------+---------------------+------------------------------------+
; Analysis & Synthesis ; 00:00:16     ; 1.0                     ; 4861 MB             ; 00:00:26                           ;
; Fitter               ; 00:00:28     ; 1.0                     ; 5870 MB             ; 00:00:45                           ;
; Assembler            ; 00:00:03     ; 1.0                     ; 4706 MB             ; 00:00:03                           ;
; Timing Analyzer      ; 00:00:04     ; 1.1                     ; 4901 MB             ; 00:00:04                           ;
; EDA Netlist Writer   ; 00:00:03     ; 1.0                     ; 4694 MB             ; 00:00:02                           ;
; Total                ; 00:00:54     ; --                      ; --                  ; 00:01:20                           ;
+----------------------+--------------+-------------------------+---------------------+------------------------------------+


+------------------------------------------------------------------------------------+
; Flow OS Summary                                                                    ;
+----------------------+------------------+------------+------------+----------------+
; Module Name          ; Machine Hostname ; OS Name    ; OS Version ; Processor type ;
+----------------------+------------------+------------+------------+----------------+
; Analysis & Synthesis ; DESKTOP-6072I2V  ; Windows 10 ; 10.0       ; x86_64         ;
; Fitter               ; DESKTOP-6072I2V  ; Windows 10 ; 10.0       ; x86_64         ;
; Assembler            ; DESKTOP-6072I2V  ; Windows 10 ; 10.0       ; x86_64         ;
; Timing Analyzer      ; DESKTOP-6072I2V  ; Windows 10 ; 10.0       ; x86_64         ;
; EDA Netlist Writer   ; DESKTOP-6072I2V  ; Windows 10 ; 10.0       ; x86_64         ;
+----------------------+------------------+------------+------------+----------------+


------------
; Flow Log ;
------------
quartus_map --read_settings_files=on --write_settings_files=off apple_2e -c apple_2e
quartus_fit --read_settings_files=off --write_settings_files=off apple_2e -c apple_2e
quartus_asm --read_settings_files=off --write_settings_files=off apple_2e -c apple_2e
quartus_sta apple_2e -c apple_2e
quartus_eda --read_settings_files=off --write_settings_files=off apple_2e -c apple_2e



